Using pre-set license
Built from '2020.3/staging' branch; Version is '2020.3.8f1 (507919d4fff5) revision 5273881'; Using compiler version '192528614'; Build Type 'Release'
OS: 'Windows 10 Home; OS build 19044.1645; Version 2009; 64bit' Language: 'en' Physical Memory: 16313 MB
BatchMode: 1, IsHumanControllingUs: 0, StartBugReporterOnCrash: 0, Is64bit: 1, IsPro: 0

 COMMAND LINE ARGUMENTS:
C:\Program Files\Unity\Hub\Editor\2020.3.8f1\Editor\Unity.exe
-adb2
-batchMode
-noUpm
-name
AssetImportWorker0
-projectPath
C:/Users/Josh/Workspace/Rapid-Prototyping
-logFile
Logs/AssetImportWorker0.log
-srvPort
58587
Successfully changed project path to: C:/Users/Josh/Workspace/Rapid-Prototyping
C:/Users/Josh/Workspace/Rapid-Prototyping
Using Asset Import Pipeline V2.
Refreshing native plugins compatible for Editor in 35.88 ms, found 0 plugins.
Preloading 0 native plugins for Editor in 0.00 ms.
Initialize engine version: 2020.3.8f1 (507919d4fff5)
[Subsystems] Discovering subsystems at path C:/Program Files/Unity/Hub/Editor/2020.3.8f1/Editor/Data/Resources/UnitySubsystems
[Subsystems] Discovering subsystems at path C:/Users/Josh/Workspace/Rapid-Prototyping/Assets
GfxDevice: creating device client; threaded=0
Direct3D:
    Version:  Direct3D 11.0 [level 11.1]
    Renderer: NVIDIA GeForce GTX 1660 SUPER (ID=0x21c4)
    Vendor:   
    VRAM:     5991 MB
    Driver:   30.0.14.9649
Initialize mono
Mono path[0] = 'C:/Program Files/Unity/Hub/Editor/2020.3.8f1/Editor/Data/Managed'
Mono path[1] = 'C:/Program Files/Unity/Hub/Editor/2020.3.8f1/Editor/Data/MonoBleedingEdge/lib/mono/unityjit'
Mono config path = 'C:/Program Files/Unity/Hub/Editor/2020.3.8f1/Editor/Data/MonoBleedingEdge/etc'
Using monoOptions --debugger-agent=transport=dt_socket,embedding=1,server=y,suspend=n,address=127.0.0.1:56712
Begin MonoManager ReloadAssembly
Registering precompiled unity dll's ...
Register platform support module: C:/Program Files/Unity/Hub/Editor/2020.3.8f1/Editor/Data/PlaybackEngines/WindowsStandaloneSupport/UnityEditor.WindowsStandalone.Extensions.dll
Registered in 0.001952 seconds.
Native extension for WindowsStandalone target not found
Refreshing native plugins compatible for Editor in 38.08 ms, found 0 plugins.
Preloading 0 native plugins for Editor in 0.00 ms.
Mono: successfully reloaded assembly
- Completed reload, in  0.909 seconds
Platform modules already initialized, skipping
Registering precompiled user dll's ...
Registered in 0.001502 seconds.
Begin MonoManager ReloadAssembly
Native extension for WindowsStandalone target not found
Refreshing native plugins compatible for Editor in 0.41 ms, found 0 plugins.
Preloading 0 native plugins for Editor in 0.00 ms.
Mono: successfully reloaded assembly
- Completed reload, in  0.747 seconds
Platform modules already initialized, skipping
========================================================================
Worker process is ready to serve import requests
Launched and connected shader compiler UnityShaderCompiler.exe after 0.04 seconds
Refreshing native plugins compatible for Editor in 0.39 ms, found 0 plugins.
Preloading 0 native plugins for Editor in 0.00 ms.
Unloading 1286 Unused Serialized files (Serialized files now loaded: 0)
System memory in use before: 85.0 MB.
System memory in use after: 85.1 MB.

Unloading 11 unused Assets to reduce memory usage. Loaded Objects now: 1756.
Total: 1.779000 ms (FindLiveObjects: 0.235300 ms CreateObjectMapping: 0.033200 ms MarkObjects: 1.418400 ms  DeleteObjects: 0.091000 ms)

========================================================================
Received Import Request.
  path: Assets/Imports/Invector-3rdPersonController_LITE/Animator/Invector@BasicLocomotion.controller
  artifactKey: Guid(cbd1db45c75e5b948a5befe9ecb80421) Importer(815301076,1909f56bfc062723c751e8b465ee728b)
Start importing Assets/Imports/Invector-3rdPersonController_LITE/Animator/Invector@BasicLocomotion.controller using Guid(cbd1db45c75e5b948a5befe9ecb80421) Importer(815301076,1909f56bfc062723c751e8b465ee728b)  -> (artifact id: 'bef9eea5bc1ce28c4a4ec7db2ef3a864') in 0.065873 seconds
  Import took 0.068837 seconds .

========================================================================
Received Import Request.
  Time since last request: 0.000281 seconds.
  path: Assets/Imports/Invector-3rdPersonController_LITE/3D Models
  artifactKey: Guid(df7a237ce1e4b05448d6e510b58bfa45) Importer(815301076,1909f56bfc062723c751e8b465ee728b)
Start importing Assets/Imports/Invector-3rdPersonController_LITE/3D Models using Guid(df7a237ce1e4b05448d6e510b58bfa45) Importer(815301076,1909f56bfc062723c751e8b465ee728b)  -> (artifact id: '3e3a78a7e91abfedb64f4cfaf25d1fcb') in 0.006577 seconds
  Import took 0.008909 seconds .

========================================================================
Received Import Request.
  Time since last request: 2.356924 seconds.
  path: Assets/Imports/Invector-3rdPersonController_LITE/3D Models/Characters
  artifactKey: Guid(138409cb8cb94bf45add5b2a124104a4) Importer(815301076,1909f56bfc062723c751e8b465ee728b)
Start importing Assets/Imports/Invector-3rdPersonController_LITE/3D Models/Characters using Guid(138409cb8cb94bf45add5b2a124104a4) Importer(815301076,1909f56bfc062723c751e8b465ee728b)  -> (artifact id: 'c7961322bcf87130b9cf8a8333c5d653') in 0.009003 seconds
  Import took 0.011238 seconds .

========================================================================
Received Import Request.
  Time since last request: 2.734400 seconds.
  path: Assets/Imports/Invector-3rdPersonController_LITE/3D Models/Animations/Basic_FreeMovement.fbx
  artifactKey: Guid(37c6cfe59f56e8a4799011397a870a8b) Importer(815301076,1909f56bfc062723c751e8b465ee728b)
Start importing Assets/Imports/Invector-3rdPersonController_LITE/3D Models/Animations/Basic_FreeMovement.fbx using Guid(37c6cfe59f56e8a4799011397a870a8b) Importer(815301076,1909f56bfc062723c751e8b465ee728b)  -> (artifact id: '230d79a805b9211e061355d6d8f0d7f1') in 0.051810 seconds
  Import took 0.054454 seconds .

========================================================================
Received Import Request.
  Time since last request: 9.313271 seconds.
  path: Assets/Imports/Invector-3rdPersonController_LITE/3D Models/Characters/Invector@V-Bot 2.0/Prefab/VBOT2.0_Custom.prefab
  artifactKey: Guid(5563b2c1cf35cae4f8490dfea2d2aa41) Importer(815301076,1909f56bfc062723c751e8b465ee728b)
Start importing Assets/Imports/Invector-3rdPersonController_LITE/3D Models/Characters/Invector@V-Bot 2.0/Prefab/VBOT2.0_Custom.prefab using Guid(5563b2c1cf35cae4f8490dfea2d2aa41) Importer(815301076,1909f56bfc062723c751e8b465ee728b)  -> (artifact id: '617658455575b34b3b903ffb8f5e81ca') in 0.241226 seconds
  Import took 0.245500 seconds .

========================================================================
Received Prepare
Registering precompiled user dll's ...
Registered in 0.001590 seconds.
Begin MonoManager ReloadAssembly
Native extension for WindowsStandalone target not found
Refreshing native plugins compatible for Editor in 0.40 ms, found 0 plugins.
Preloading 0 native plugins for Editor in 0.00 ms.
Mono: successfully reloaded assembly
- Completed reload, in  0.696 seconds
Platform modules already initialized, skipping
Refreshing native plugins compatible for Editor in 0.54 ms, found 0 plugins.
Preloading 0 native plugins for Editor in 0.00 ms.
Unloading 1244 Unused Serialized files (Serialized files now loaded: 0)
System memory in use before: 98.1 MB.
System memory in use after: 98.2 MB.

Unloading 7 unused Assets to reduce memory usage. Loaded Objects now: 1767.
Total: 1.444600 ms (FindLiveObjects: 0.143500 ms CreateObjectMapping: 0.028900 ms MarkObjects: 1.259700 ms  DeleteObjects: 0.011300 ms)

========================================================================
Received Prepare
Registering precompiled user dll's ...
Registered in 0.001590 seconds.
Begin MonoManager ReloadAssembly
Native extension for WindowsStandalone target not found
Refreshing native plugins compatible for Editor in 0.41 ms, found 0 plugins.
Preloading 0 native plugins for Editor in 0.00 ms.
Mono: successfully reloaded assembly
- Completed reload, in  0.716 seconds
Platform modules already initialized, skipping
Refreshing native plugins compatible for Editor in 0.44 ms, found 0 plugins.
Preloading 0 native plugins for Editor in 0.00 ms.
Unloading 1243 Unused Serialized files (Serialized files now loaded: 0)
System memory in use before: 98.1 MB.
System memory in use after: 98.2 MB.

Unloading 7 unused Assets to reduce memory usage. Loaded Objects now: 1769.
Total: 1.435700 ms (FindLiveObjects: 0.140500 ms CreateObjectMapping: 0.030500 ms MarkObjects: 1.251200 ms  DeleteObjects: 0.012700 ms)

========================================================================
Received Import Request.
  Time since last request: 600.793116 seconds.
  path: Assets/Prototypes/Prototype5/Imports/Robot_Soldier
  artifactKey: Guid(1093d05db50b0f6448904493e2135a2a) Importer(815301076,1909f56bfc062723c751e8b465ee728b)
Start importing Assets/Prototypes/Prototype5/Imports/Robot_Soldier using Guid(1093d05db50b0f6448904493e2135a2a) Importer(815301076,1909f56bfc062723c751e8b465ee728b)  -> (artifact id: '592b72c3e6b38b0a6ad310a0a1dadc5d') in 0.009131 seconds
  Import took 0.012763 seconds .

========================================================================
Received Import Request.
  Time since last request: 3.149349 seconds.
  path: Assets/Prototypes/Prototype5/Imports/Robot_Soldier/Animations
  artifactKey: Guid(f19f4701b9adce74b88b8b716acd9159) Importer(815301076,1909f56bfc062723c751e8b465ee728b)
Start importing Assets/Prototypes/Prototype5/Imports/Robot_Soldier/Animations using Guid(f19f4701b9adce74b88b8b716acd9159) Importer(815301076,1909f56bfc062723c751e8b465ee728b)  -> (artifact id: 'bb8a44ba4f0df4c2850b4e9c1962270b') in 0.010700 seconds
  Import took 0.013821 seconds .

========================================================================
Received Import Request.
  Time since last request: 2.595233 seconds.
  path: Assets/Prototypes/Prototype5/Imports/Robot_Soldier/Prefabs/Floor.prefab
  artifactKey: Guid(34ad339615304b44c91562cbd11001f2) Importer(815301076,1909f56bfc062723c751e8b465ee728b)
Start importing Assets/Prototypes/Prototype5/Imports/Robot_Soldier/Prefabs/Floor.prefab using Guid(34ad339615304b44c91562cbd11001f2) Importer(815301076,1909f56bfc062723c751e8b465ee728b)  -> (artifact id: '5f1780a07fdb74c66ea0e7b4d400f9bb') in 0.256387 seconds
  Import took 0.259938 seconds .

========================================================================
Received Import Request.
  Time since last request: 0.353819 seconds.
  path: Assets/Prototypes/Prototype5/Imports/Robot_Soldier/Prefabs/Robot_Soldier_Black.prefab
  artifactKey: Guid(c266c61b42ce56a4ca7e9190ef1209e3) Importer(815301076,1909f56bfc062723c751e8b465ee728b)
Start importing Assets/Prototypes/Prototype5/Imports/Robot_Soldier/Prefabs/Robot_Soldier_Black.prefab using Guid(c266c61b42ce56a4ca7e9190ef1209e3) Importer(815301076,1909f56bfc062723c751e8b465ee728b)  -> (artifact id: '7b766589df7687d5740f4b8453e1d866') in 0.380053 seconds
  Import took 0.392026 seconds .

========================================================================
Received Import Request.
  Time since last request: 36.557913 seconds.
  path: Assets/Prototypes/Prototype5/Imports/Robot_Soldier/Scenes/Robot_Soldier_Blue_White.unity
  artifactKey: Guid(1d31a3e89803c3d47b1aed7e43913ed7) Importer(815301076,1909f56bfc062723c751e8b465ee728b)
Start importing Assets/Prototypes/Prototype5/Imports/Robot_Soldier/Scenes/Robot_Soldier_Blue_White.unity using Guid(1d31a3e89803c3d47b1aed7e43913ed7) Importer(815301076,1909f56bfc062723c751e8b465ee728b)  -> (artifact id: 'd98fc59d63a1cf32d46d437aebda59ef') in 0.007599 seconds
  Import took 0.011638 seconds .

========================================================================
Received Import Request.
  Time since last request: 14.797503 seconds.
  path: Assets/Prototypes/Prototype5/Imports/Robot_Soldier/Animations/Run_Aim.fbx
  artifactKey: Guid(9f0376548525d7f46a10087a2cb9ff17) Importer(815301076,1909f56bfc062723c751e8b465ee728b)
Start importing Assets/Prototypes/Prototype5/Imports/Robot_Soldier/Animations/Run_Aim.fbx using Guid(9f0376548525d7f46a10087a2cb9ff17) Importer(815301076,1909f56bfc062723c751e8b465ee728b)  -> (artifact id: '2e88f689b3a0a0fa0bc2895b2274e4dd') in 0.010351 seconds
  Import took 0.014546 seconds .

========================================================================
Received Import Request.
  Time since last request: 0.004084 seconds.
  path: Assets/Prototypes/Prototype5/Imports/Robot_Soldier/Animations/Run_Aim.fbx
  artifactKey: Guid(9f0376548525d7f46a10087a2cb9ff17) Importer(815301076,1909f56bfc062723c751e8b465ee728b)
Start importing Assets/Prototypes/Prototype5/Imports/Robot_Soldier/Animations/Run_Aim.fbx using Guid(9f0376548525d7f46a10087a2cb9ff17) Importer(815301076,1909f56bfc062723c751e8b465ee728b)  -> (artifact id: '2e88f689b3a0a0fa0bc2895b2274e4dd') in 0.005647 seconds
  Import took 0.008223 seconds .

========================================================================
Received Import Request.
  Time since last request: 14.574366 seconds.
  path: Assets/Prototypes/Prototype5/Scenes 5/Proto5.unity
  artifactKey: Guid(8091666742010fe4890f268aa4a97fb3) Importer(815301076,1909f56bfc062723c751e8b465ee728b)
Start importing Assets/Prototypes/Prototype5/Scenes 5/Proto5.unity using Guid(8091666742010fe4890f268aa4a97fb3) Importer(815301076,1909f56bfc062723c751e8b465ee728b)  -> (artifact id: '7c59d114ba1812e6c0e8529371d6653e') in 0.006348 seconds
  Import took 0.009480 seconds .

========================================================================
Received Prepare
Registering precompiled user dll's ...
Registered in 0.001701 seconds.
Begin MonoManager ReloadAssembly
Native extension for WindowsStandalone target not found
Refreshing native plugins compatible for Editor in 0.45 ms, found 0 plugins.
Preloading 0 native plugins for Editor in 0.00 ms.
Mono: successfully reloaded assembly
- Completed reload, in  0.685 seconds
Platform modules already initialized, skipping
Refreshing native plugins compatible for Editor in 0.41 ms, found 0 plugins.
Preloading 0 native plugins for Editor in 0.00 ms.
Unloading 1243 Unused Serialized files (Serialized files now loaded: 0)
System memory in use before: 98.5 MB.
System memory in use after: 98.6 MB.

Unloading 7 unused Assets to reduce memory usage. Loaded Objects now: 1773.
Total: 1.456700 ms (FindLiveObjects: 0.123200 ms CreateObjectMapping: 0.028700 ms MarkObjects: 1.291900 ms  DeleteObjects: 0.012100 ms)

========================================================================
Received Import Request.
  Time since last request: 51.874938 seconds.
  path: Assets/Prototypes/Prototype5/Imports/Robot_Soldier/Animations/Robit.controller
  artifactKey: Guid(19b680004d7df5f43ab66e96541f171a) Importer(815301076,1909f56bfc062723c751e8b465ee728b)
Start importing Assets/Prototypes/Prototype5/Imports/Robot_Soldier/Animations/Robit.controller using Guid(19b680004d7df5f43ab66e96541f171a) Importer(815301076,1909f56bfc062723c751e8b465ee728b)  -> (artifact id: 'b7ccb907bd65e2f2fdaa32d90016bc22') in 0.019705 seconds
  Import took 0.021850 seconds .

========================================================================
Received Import Request.
  Time since last request: 1.826878 seconds.
  path: Assets/Prototypes/Prototype5/Imports/Robot_Soldier/Animations/Robot.controller
  artifactKey: Guid(19b680004d7df5f43ab66e96541f171a) Importer(815301076,1909f56bfc062723c751e8b465ee728b)
Start importing Assets/Prototypes/Prototype5/Imports/Robot_Soldier/Animations/Robot.controller using Guid(19b680004d7df5f43ab66e96541f171a) Importer(815301076,1909f56bfc062723c751e8b465ee728b)  -> (artifact id: '266ff64fb01a5661861cdd9ec9719646') in 0.006762 seconds
  Import took 0.009163 seconds .

========================================================================
Received Prepare
Registering precompiled user dll's ...
Registered in 0.001558 seconds.
Begin MonoManager ReloadAssembly
Native extension for WindowsStandalone target not found
Refreshing native plugins compatible for Editor in 0.42 ms, found 0 plugins.
Preloading 0 native plugins for Editor in 0.00 ms.
Mono: successfully reloaded assembly
- Completed reload, in  0.707 seconds
Platform modules already initialized, skipping
Refreshing native plugins compatible for Editor in 0.42 ms, found 0 plugins.
Preloading 0 native plugins for Editor in 0.00 ms.
Unloading 1243 Unused Serialized files (Serialized files now loaded: 0)
System memory in use before: 98.6 MB.
System memory in use after: 98.7 MB.

Unloading 7 unused Assets to reduce memory usage. Loaded Objects now: 1775.
Total: 1.440000 ms (FindLiveObjects: 0.134800 ms CreateObjectMapping: 0.028800 ms MarkObjects: 1.263700 ms  DeleteObjects: 0.011800 ms)

========================================================================
Received Prepare
Registering precompiled user dll's ...
Registered in 0.001539 seconds.
Begin MonoManager ReloadAssembly
Native extension for WindowsStandalone target not found
Refreshing native plugins compatible for Editor in 0.41 ms, found 0 plugins.
Preloading 0 native plugins for Editor in 0.00 ms.
Mono: successfully reloaded assembly
- Completed reload, in  0.709 seconds
Platform modules already initialized, skipping
Refreshing native plugins compatible for Editor in 0.44 ms, found 0 plugins.
Preloading 0 native plugins for Editor in 0.00 ms.
Unloading 1243 Unused Serialized files (Serialized files now loaded: 0)
System memory in use before: 98.6 MB.
System memory in use after: 98.7 MB.

Unloading 7 unused Assets to reduce memory usage. Loaded Objects now: 1777.
Total: 1.606700 ms (FindLiveObjects: 0.178000 ms CreateObjectMapping: 0.030300 ms MarkObjects: 1.379900 ms  DeleteObjects: 0.017500 ms)

========================================================================
Received Prepare
Registering precompiled user dll's ...
Registered in 0.001536 seconds.
Begin MonoManager ReloadAssembly
Native extension for WindowsStandalone target not found
Refreshing native plugins compatible for Editor in 0.43 ms, found 0 plugins.
Preloading 0 native plugins for Editor in 0.00 ms.
Mono: successfully reloaded assembly
- Completed reload, in  0.728 seconds
Platform modules already initialized, skipping
Refreshing native plugins compatible for Editor in 0.41 ms, found 0 plugins.
Preloading 0 native plugins for Editor in 0.00 ms.
Unloading 1243 Unused Serialized files (Serialized files now loaded: 0)
System memory in use before: 98.6 MB.
System memory in use after: 98.7 MB.

Unloading 7 unused Assets to reduce memory usage. Loaded Objects now: 1779.
Total: 1.528600 ms (FindLiveObjects: 0.142200 ms CreateObjectMapping: 0.031100 ms MarkObjects: 1.342500 ms  DeleteObjects: 0.011800 ms)

========================================================================
Received Prepare
Registering precompiled user dll's ...
Registered in 0.001683 seconds.
Begin MonoManager ReloadAssembly
Native extension for WindowsStandalone target not found
Refreshing native plugins compatible for Editor in 0.49 ms, found 0 plugins.
Preloading 0 native plugins for Editor in 0.00 ms.
Mono: successfully reloaded assembly
- Completed reload, in  0.691 seconds
Platform modules already initialized, skipping
Refreshing native plugins compatible for Editor in 0.49 ms, found 0 plugins.
Preloading 0 native plugins for Editor in 0.00 ms.
Unloading 1243 Unused Serialized files (Serialized files now loaded: 0)
System memory in use before: 98.6 MB.
System memory in use after: 98.7 MB.

Unloading 7 unused Assets to reduce memory usage. Loaded Objects now: 1781.
Total: 1.700300 ms (FindLiveObjects: 0.139900 ms CreateObjectMapping: 0.029200 ms MarkObjects: 1.517900 ms  DeleteObjects: 0.012500 ms)

========================================================================
Received Import Request.
  Time since last request: 1537.602631 seconds.
  path: Assets/Prototypes/Prototype5/Imports/Invector-3rdPersonController_LITE/Animator
  artifactKey: Guid(78c5e27d58e962b41acee89c68a46126) Importer(815301076,1909f56bfc062723c751e8b465ee728b)
Start importing Assets/Prototypes/Prototype5/Imports/Invector-3rdPersonController_LITE/Animator using Guid(78c5e27d58e962b41acee89c68a46126) Importer(815301076,1909f56bfc062723c751e8b465ee728b)  -> (artifact id: '208fbc93bc3f1ac3930c67d8e53319a7') in 0.009685 seconds
  Import took 0.013942 seconds .

========================================================================
Received Import Request.
  Time since last request: 11.999631 seconds.
  path: Assets/Prototypes/Prototype5/Imports/Invector-3rdPersonController_LITE/Animator/AIWalk.controller
  artifactKey: Guid(0340a813f164e1d419d40625df39665e) Importer(815301076,1909f56bfc062723c751e8b465ee728b)
Start importing Assets/Prototypes/Prototype5/Imports/Invector-3rdPersonController_LITE/Animator/AIWalk.controller using Guid(0340a813f164e1d419d40625df39665e) Importer(815301076,1909f56bfc062723c751e8b465ee728b)  -> (artifact id: 'fcaf3dc4133544b781c01d1858dddebe') in 0.037543 seconds
  Import took 0.040556 seconds .

========================================================================
Received Import Request.
  Time since last request: 25.476308 seconds.
  path: Assets/Prototypes/Prototype5/Imports/Invector-3rdPersonController_LITE/3D Models/Animations
  artifactKey: Guid(87ecd9cffcda18a489b8f0b714256e15) Importer(815301076,1909f56bfc062723c751e8b465ee728b)
Start importing Assets/Prototypes/Prototype5/Imports/Invector-3rdPersonController_LITE/3D Models/Animations using Guid(87ecd9cffcda18a489b8f0b714256e15) Importer(815301076,1909f56bfc062723c751e8b465ee728b)  -> (artifact id: 'ba102d0c0d77cd602ee849be8002c75b') in 0.005858 seconds
  Import took 0.008064 seconds .

========================================================================
Received Prepare
Registering precompiled user dll's ...
Registered in 0.001598 seconds.
Begin MonoManager ReloadAssembly
Native extension for WindowsStandalone target not found
Refreshing native plugins compatible for Editor in 0.42 ms, found 0 plugins.
Preloading 0 native plugins for Editor in 0.00 ms.
Mono: successfully reloaded assembly
- Completed reload, in  0.697 seconds
Platform modules already initialized, skipping
Refreshing native plugins compatible for Editor in 0.44 ms, found 0 plugins.
Preloading 0 native plugins for Editor in 0.00 ms.
Unloading 1243 Unused Serialized files (Serialized files now loaded: 0)
System memory in use before: 98.6 MB.
System memory in use after: 98.7 MB.

Unloading 7 unused Assets to reduce memory usage. Loaded Objects now: 1783.
Total: 1.538100 ms (FindLiveObjects: 0.137800 ms CreateObjectMapping: 0.030100 ms MarkObjects: 1.356300 ms  DeleteObjects: 0.012800 ms)

========================================================================
Received Prepare
Registering precompiled user dll's ...
Registered in 0.001695 seconds.
Begin MonoManager ReloadAssembly
Native extension for WindowsStandalone target not found
Refreshing native plugins compatible for Editor in 0.47 ms, found 0 plugins.
Preloading 0 native plugins for Editor in 0.00 ms.
Mono: successfully reloaded assembly
- Completed reload, in  0.694 seconds
Platform modules already initialized, skipping
Refreshing native plugins compatible for Editor in 0.55 ms, found 0 plugins.
Preloading 0 native plugins for Editor in 0.00 ms.
Unloading 1243 Unused Serialized files (Serialized files now loaded: 0)
System memory in use before: 98.6 MB.
System memory in use after: 98.7 MB.

Unloading 7 unused Assets to reduce memory usage. Loaded Objects now: 1785.
Total: 1.502700 ms (FindLiveObjects: 0.139000 ms CreateObjectMapping: 0.031000 ms MarkObjects: 1.320200 ms  DeleteObjects: 0.011800 ms)

========================================================================
Received Import Request.
  Time since last request: 216.783540 seconds.
  path: Assets/Prototypes/Prototype5/Imports/Invector-3rdPersonController_LITE/3D Models/Animations/JumpMove.anim
  artifactKey: Guid(d8cb1e4f9d6a74443adc776517036cdf) Importer(815301076,1909f56bfc062723c751e8b465ee728b)
Start importing Assets/Prototypes/Prototype5/Imports/Invector-3rdPersonController_LITE/3D Models/Animations/JumpMove.anim using Guid(d8cb1e4f9d6a74443adc776517036cdf) Importer(815301076,1909f56bfc062723c751e8b465ee728b)  -> (artifact id: 'bd255c1f888149fe44f1969837ee14c7') in 0.033927 seconds
  Import took 0.036411 seconds .

========================================================================
Received Prepare
Registering precompiled user dll's ...
Registered in 0.001594 seconds.
Begin MonoManager ReloadAssembly
Native extension for WindowsStandalone target not found
Refreshing native plugins compatible for Editor in 0.40 ms, found 0 plugins.
Preloading 0 native plugins for Editor in 0.00 ms.
Mono: successfully reloaded assembly
- Completed reload, in  0.717 seconds
Platform modules already initialized, skipping
Refreshing native plugins compatible for Editor in 0.42 ms, found 0 plugins.
Preloading 0 native plugins for Editor in 0.00 ms.
Unloading 1243 Unused Serialized files (Serialized files now loaded: 0)
System memory in use before: 98.6 MB.
System memory in use after: 98.7 MB.

Unloading 7 unused Assets to reduce memory usage. Loaded Objects now: 1787.
Total: 1.428600 ms (FindLiveObjects: 0.134600 ms CreateObjectMapping: 0.029900 ms MarkObjects: 1.251100 ms  DeleteObjects: 0.011900 ms)

========================================================================
Received Import Request.
  Time since last request: 14.828818 seconds.
  path: Assets/Prototypes/Prototype5/Imports/Invector-3rdPersonController_LITE/3D Models/Animations/Walk.anim
  artifactKey: Guid(f56cf64e9c4df8247aca30ab25fef28b) Importer(815301076,1909f56bfc062723c751e8b465ee728b)
Start importing Assets/Prototypes/Prototype5/Imports/Invector-3rdPersonController_LITE/3D Models/Animations/Walk.anim using Guid(f56cf64e9c4df8247aca30ab25fef28b) Importer(815301076,1909f56bfc062723c751e8b465ee728b)  -> (artifact id: 'aa3cd3b23b8c4716977d7d3d272a6f6d') in 0.030949 seconds
  Import took 0.033909 seconds .

========================================================================
Received Import Request.
  Time since last request: 125.018959 seconds.
  path: Assets/Prototypes/Prototype5/Imports/Invector-3rdPersonController_LITE/3D Models/Animations/LandSoft.anim
  artifactKey: Guid(3c03c6e8f6f479447a3c8f8da9d893da) Importer(815301076,1909f56bfc062723c751e8b465ee728b)
Start importing Assets/Prototypes/Prototype5/Imports/Invector-3rdPersonController_LITE/3D Models/Animations/LandSoft.anim using Guid(3c03c6e8f6f479447a3c8f8da9d893da) Importer(815301076,1909f56bfc062723c751e8b465ee728b)  -> (artifact id: 'e9ab91f073ee9f47db5f8050c0453133') in 0.012534 seconds
  Import took 0.016156 seconds .

========================================================================
Received Prepare
Registering precompiled user dll's ...
Registered in 0.001668 seconds.
Begin MonoManager ReloadAssembly
Native extension for WindowsStandalone target not found
Refreshing native plugins compatible for Editor in 0.45 ms, found 0 plugins.
Preloading 0 native plugins for Editor in 0.00 ms.
Mono: successfully reloaded assembly
- Completed reload, in  0.741 seconds
Platform modules already initialized, skipping
Refreshing native plugins compatible for Editor in 0.41 ms, found 0 plugins.
Preloading 0 native plugins for Editor in 0.00 ms.
Unloading 1243 Unused Serialized files (Serialized files now loaded: 0)
System memory in use before: 98.6 MB.
System memory in use after: 98.7 MB.

Unloading 7 unused Assets to reduce memory usage. Loaded Objects now: 1789.
Total: 1.567100 ms (FindLiveObjects: 0.212000 ms CreateObjectMapping: 0.052500 ms MarkObjects: 1.288700 ms  DeleteObjects: 0.013300 ms)

========================================================================
Received Import Request.
  Time since last request: 41.005184 seconds.
  path: Assets/Prototypes/Prototype5/Imports/Invector-3rdPersonController_LITE/3D Models/Characters/Invector@V-Bot 2.0/FBX/VBOT_LOD.fbx
  artifactKey: Guid(340f99b8334a14c4a8a01dce6e1e5348) Importer(815301076,1909f56bfc062723c751e8b465ee728b)
Start importing Assets/Prototypes/Prototype5/Imports/Invector-3rdPersonController_LITE/3D Models/Characters/Invector@V-Bot 2.0/FBX/VBOT_LOD.fbx using Guid(340f99b8334a14c4a8a01dce6e1e5348) Importer(815301076,1909f56bfc062723c751e8b465ee728b)  -> (artifact id: '45fcbdbbb4097334e81eab372015b961') in 0.117812 seconds
  Import took 0.120681 seconds .

========================================================================
Received Prepare
Registering precompiled user dll's ...
Registered in 0.002383 seconds.
Begin MonoManager ReloadAssembly
Native extension for WindowsStandalone target not found
Refreshing native plugins compatible for Editor in 0.40 ms, found 0 plugins.
Preloading 0 native plugins for Editor in 0.00 ms.
Mono: successfully reloaded assembly
- Completed reload, in  0.715 seconds
Platform modules already initialized, skipping
Refreshing native plugins compatible for Editor in 0.44 ms, found 0 plugins.
Preloading 0 native plugins for Editor in 0.00 ms.
Unloading 1243 Unused Serialized files (Serialized files now loaded: 0)
System memory in use before: 98.8 MB.
System memory in use after: 98.9 MB.

Unloading 8 unused Assets to reduce memory usage. Loaded Objects now: 1795.
Total: 1.464500 ms (FindLiveObjects: 0.134000 ms CreateObjectMapping: 0.031200 ms MarkObjects: 1.282900 ms  DeleteObjects: 0.015700 ms)

========================================================================
Received Prepare
Registering precompiled user dll's ...
Registered in 0.001504 seconds.
Begin MonoManager ReloadAssembly
Native extension for WindowsStandalone target not found
Refreshing native plugins compatible for Editor in 0.42 ms, found 0 plugins.
Preloading 0 native plugins for Editor in 0.00 ms.
Mono: successfully reloaded assembly
- Completed reload, in  0.697 seconds
Platform modules already initialized, skipping
Refreshing native plugins compatible for Editor in 0.41 ms, found 0 plugins.
Preloading 0 native plugins for Editor in 0.00 ms.
Unloading 1243 Unused Serialized files (Serialized files now loaded: 0)
System memory in use before: 98.8 MB.
System memory in use after: 98.9 MB.

Unloading 7 unused Assets to reduce memory usage. Loaded Objects now: 1797.
Total: 1.660900 ms (FindLiveObjects: 0.183800 ms CreateObjectMapping: 0.030300 ms MarkObjects: 1.429800 ms  DeleteObjects: 0.015900 ms)

========================================================================
Received Import Request.
  Time since last request: 118.860823 seconds.
  path: Assets/Prototypes/Prototype5/Imports/Invector-3rdPersonController_LITE/3D Models/Characters/Invector@V-Bot 2.0/Prefab/VBOT2.0_Custom.prefab
  artifactKey: Guid(5563b2c1cf35cae4f8490dfea2d2aa41) Importer(815301076,1909f56bfc062723c751e8b465ee728b)
Start importing Assets/Prototypes/Prototype5/Imports/Invector-3rdPersonController_LITE/3D Models/Characters/Invector@V-Bot 2.0/Prefab/VBOT2.0_Custom.prefab using Guid(5563b2c1cf35cae4f8490dfea2d2aa41) Importer(815301076,1909f56bfc062723c751e8b465ee728b) The Animator Controller (AIWalk) you have used is not valid. Animations will not play
UnityEngine.StackTraceUtility:ExtractStackTrace ()
UnityEditor.EditorUtility:Internal_InstantiateRemoveAllNonAnimationComponentsSingle (UnityEngine.Object,UnityEngine.Vector3,UnityEngine.Quaternion)
UnityEditor.EditorUtility:InstantiateRemoveAllNonAnimationComponents (UnityEngine.Object,UnityEngine.Vector3,UnityEngine.Quaternion)
UnityEditor.EditorUtility:InstantiateForAnimatorPreview (UnityEngine.Object)
UnityEditor.GameObjectInspector/PreviewData:UpdateGameObject (UnityEngine.Object)
UnityEditor.GameObjectInspector/PreviewData:.ctor (UnityEngine.Object)
UnityEditor.GameObjectInspector:GetPreviewData ()
UnityEditor.GameObjectInspector:RenderStaticPreview (string,UnityEngine.Object[],int,int)
UnityEditor.AssetPreviewUpdater:CreatePreviewForAsset (UnityEngine.Object,UnityEngine.Object[],string)

[C:\buildslave\unity\build\Modules/Animation/Director/AnimatorControllerPlayable.cpp line 333]

The Animator Controller (AIWalk) you have used is not valid. Animations will not play
UnityEngine.StackTraceUtility:ExtractStackTrace ()
UnityEditor.EditorUtility:InitInstantiatedPreviewRecursive (UnityEngine.GameObject)
UnityEditor.EditorUtility:InstantiateForAnimatorPreview (UnityEngine.Object)
UnityEditor.GameObjectInspector/PreviewData:UpdateGameObject (UnityEngine.Object)
UnityEditor.GameObjectInspector/PreviewData:.ctor (UnityEngine.Object)
UnityEditor.GameObjectInspector:GetPreviewData ()
UnityEditor.GameObjectInspector:RenderStaticPreview (string,UnityEngine.Object[],int,int)
UnityEditor.AssetPreviewUpdater:CreatePreviewForAsset (UnityEngine.Object,UnityEngine.Object[],string)

[C:\buildslave\unity\build\Modules/Animation/Director/AnimatorControllerPlayable.cpp line 333]

 -> (artifact id: '76be3219a050c3b8bdada396afdb8460') in 0.115791 seconds
  Import took 0.121708 seconds .

========================================================================
Received Prepare
Registering precompiled user dll's ...
Registered in 0.001581 seconds.
Begin MonoManager ReloadAssembly
Native extension for WindowsStandalone target not found
Refreshing native plugins compatible for Editor in 0.46 ms, found 0 plugins.
Preloading 0 native plugins for Editor in 0.00 ms.
Mono: successfully reloaded assembly
- Completed reload, in  0.690 seconds
Platform modules already initialized, skipping
Refreshing native plugins compatible for Editor in 0.44 ms, found 0 plugins.
Preloading 0 native plugins for Editor in 0.00 ms.
Unloading 1243 Unused Serialized files (Serialized files now loaded: 0)
System memory in use before: 99.0 MB.
System memory in use after: 99.1 MB.

Unloading 7 unused Assets to reduce memory usage. Loaded Objects now: 1800.
Total: 1.548700 ms (FindLiveObjects: 0.156600 ms CreateObjectMapping: 0.031700 ms MarkObjects: 1.346100 ms  DeleteObjects: 0.013200 ms)

========================================================================
Received Prepare
Registering precompiled user dll's ...
Registered in 0.001864 seconds.
Begin MonoManager ReloadAssembly
Native extension for WindowsStandalone target not found
Refreshing native plugins compatible for Editor in 0.43 ms, found 0 plugins.
Preloading 0 native plugins for Editor in 0.00 ms.
Mono: successfully reloaded assembly
- Completed reload, in  0.785 seconds
Platform modules already initialized, skipping
Refreshing native plugins compatible for Editor in 0.41 ms, found 0 plugins.
Preloading 0 native plugins for Editor in 0.00 ms.
Unloading 1243 Unused Serialized files (Serialized files now loaded: 0)
System memory in use before: 99.0 MB.
System memory in use after: 99.1 MB.

Unloading 7 unused Assets to reduce memory usage. Loaded Objects now: 1802.
Total: 1.494000 ms (FindLiveObjects: 0.142500 ms CreateObjectMapping: 0.032000 ms MarkObjects: 1.306600 ms  DeleteObjects: 0.012000 ms)

========================================================================
Received Prepare
Registering precompiled user dll's ...
Registered in 0.001686 seconds.
Begin MonoManager ReloadAssembly
Native extension for WindowsStandalone target not found
Refreshing native plugins compatible for Editor in 0.41 ms, found 0 plugins.
Preloading 0 native plugins for Editor in 0.00 ms.
Mono: successfully reloaded assembly
- Completed reload, in  0.695 seconds
Platform modules already initialized, skipping
Refreshing native plugins compatible for Editor in 0.44 ms, found 0 plugins.
Preloading 0 native plugins for Editor in 0.00 ms.
Unloading 1243 Unused Serialized files (Serialized files now loaded: 0)
System memory in use before: 99.0 MB.
System memory in use after: 99.1 MB.

Unloading 7 unused Assets to reduce memory usage. Loaded Objects now: 1804.
Total: 1.486900 ms (FindLiveObjects: 0.132900 ms CreateObjectMapping: 0.029300 ms MarkObjects: 1.311400 ms  DeleteObjects: 0.012700 ms)

========================================================================
Received Prepare
Registering precompiled user dll's ...
Registered in 0.001631 seconds.
Begin MonoManager ReloadAssembly
Native extension for WindowsStandalone target not found
Refreshing native plugins compatible for Editor in 0.39 ms, found 0 plugins.
Preloading 0 native plugins for Editor in 0.00 ms.
Mono: successfully reloaded assembly
- Completed reload, in  0.693 seconds
Platform modules already initialized, skipping
Refreshing native plugins compatible for Editor in 0.40 ms, found 0 plugins.
Preloading 0 native plugins for Editor in 0.00 ms.
Unloading 1243 Unused Serialized files (Serialized files now loaded: 0)
System memory in use before: 99.0 MB.
System memory in use after: 99.1 MB.

Unloading 7 unused Assets to reduce memory usage. Loaded Objects now: 1806.
Total: 1.423500 ms (FindLiveObjects: 0.132800 ms CreateObjectMapping: 0.029000 ms MarkObjects: 1.249600 ms  DeleteObjects: 0.011000 ms)

========================================================================
Received Prepare
Registering precompiled user dll's ...
Registered in 0.001495 seconds.
Begin MonoManager ReloadAssembly
Native extension for WindowsStandalone target not found
Refreshing native plugins compatible for Editor in 0.67 ms, found 0 plugins.
Preloading 0 native plugins for Editor in 0.00 ms.
Mono: successfully reloaded assembly
- Completed reload, in  0.713 seconds
Platform modules already initialized, skipping
Refreshing native plugins compatible for Editor in 0.43 ms, found 0 plugins.
Preloading 0 native plugins for Editor in 0.00 ms.
Unloading 1243 Unused Serialized files (Serialized files now loaded: 0)
System memory in use before: 99.0 MB.
System memory in use after: 99.1 MB.

Unloading 7 unused Assets to reduce memory usage. Loaded Objects now: 1808.
Total: 1.502700 ms (FindLiveObjects: 0.153300 ms CreateObjectMapping: 0.033900 ms MarkObjects: 1.302300 ms  DeleteObjects: 0.011900 ms)

========================================================================
Received Prepare
Registering precompiled user dll's ...
Registered in 0.001635 seconds.
Begin MonoManager ReloadAssembly
Native extension for WindowsStandalone target not found
Refreshing native plugins compatible for Editor in 0.40 ms, found 0 plugins.
Preloading 0 native plugins for Editor in 0.00 ms.
Mono: successfully reloaded assembly
- Completed reload, in  0.700 seconds
Platform modules already initialized, skipping
Refreshing native plugins compatible for Editor in 0.42 ms, found 0 plugins.
Preloading 0 native plugins for Editor in 0.00 ms.
Unloading 1243 Unused Serialized files (Serialized files now loaded: 0)
System memory in use before: 99.0 MB.
System memory in use after: 99.1 MB.

Unloading 7 unused Assets to reduce memory usage. Loaded Objects now: 1810.
Total: 1.563400 ms (FindLiveObjects: 0.148000 ms CreateObjectMapping: 0.030000 ms MarkObjects: 1.371900 ms  DeleteObjects: 0.012600 ms)

========================================================================
Received Prepare
Registering precompiled user dll's ...
Registered in 0.001546 seconds.
Begin MonoManager ReloadAssembly
Native extension for WindowsStandalone target not found
Refreshing native plugins compatible for Editor in 0.45 ms, found 0 plugins.
Preloading 0 native plugins for Editor in 0.00 ms.
Mono: successfully reloaded assembly
- Completed reload, in  0.928 seconds
Platform modules already initialized, skipping
Refreshing native plugins compatible for Editor in 0.45 ms, found 0 plugins.
Preloading 0 native plugins for Editor in 0.00 ms.
Unloading 1243 Unused Serialized files (Serialized files now loaded: 0)
System memory in use before: 99.0 MB.
System memory in use after: 99.1 MB.

Unloading 7 unused Assets to reduce memory usage. Loaded Objects now: 1812.
Total: 1.752400 ms (FindLiveObjects: 0.156400 ms CreateObjectMapping: 0.029600 ms MarkObjects: 1.544300 ms  DeleteObjects: 0.021000 ms)

========================================================================
Received Prepare
Registering precompiled user dll's ...
Registered in 0.001587 seconds.
Begin MonoManager ReloadAssembly
Native extension for WindowsStandalone target not found
Refreshing native plugins compatible for Editor in 0.38 ms, found 0 plugins.
Preloading 0 native plugins for Editor in 0.00 ms.
Mono: successfully reloaded assembly
- Completed reload, in  0.715 seconds
Platform modules already initialized, skipping
Refreshing native plugins compatible for Editor in 0.42 ms, found 0 plugins.
Preloading 0 native plugins for Editor in 0.00 ms.
Unloading 1243 Unused Serialized files (Serialized files now loaded: 0)
System memory in use before: 99.0 MB.
System memory in use after: 99.1 MB.

Unloading 7 unused Assets to reduce memory usage. Loaded Objects now: 1814.
Total: 1.444000 ms (FindLiveObjects: 0.138000 ms CreateObjectMapping: 0.029300 ms MarkObjects: 1.263400 ms  DeleteObjects: 0.012600 ms)

========================================================================
Received Prepare
Registering precompiled user dll's ...
Registered in 0.001557 seconds.
Begin MonoManager ReloadAssembly
Native extension for WindowsStandalone target not found
Refreshing native plugins compatible for Editor in 0.42 ms, found 0 plugins.
Preloading 0 native plugins for Editor in 0.00 ms.
Mono: successfully reloaded assembly
- Completed reload, in  0.757 seconds
Platform modules already initialized, skipping
Refreshing native plugins compatible for Editor in 0.54 ms, found 0 plugins.
Preloading 0 native plugins for Editor in 0.00 ms.
Unloading 1243 Unused Serialized files (Serialized files now loaded: 0)
System memory in use before: 99.0 MB.
System memory in use after: 99.1 MB.

Unloading 7 unused Assets to reduce memory usage. Loaded Objects now: 1816.
Total: 1.560100 ms (FindLiveObjects: 0.183100 ms CreateObjectMapping: 0.031400 ms MarkObjects: 1.331600 ms  DeleteObjects: 0.012500 ms)

========================================================================
Received Prepare
Registering precompiled user dll's ...
Registered in 0.001508 seconds.
Begin MonoManager ReloadAssembly
Native extension for WindowsStandalone target not found
Refreshing native plugins compatible for Editor in 0.42 ms, found 0 plugins.
Preloading 0 native plugins for Editor in 0.00 ms.
Mono: successfully reloaded assembly
- Completed reload, in  0.749 seconds
Platform modules already initialized, skipping
Refreshing native plugins compatible for Editor in 0.43 ms, found 0 plugins.
Preloading 0 native plugins for Editor in 0.00 ms.
Unloading 1243 Unused Serialized files (Serialized files now loaded: 0)
System memory in use before: 99.0 MB.
System memory in use after: 99.1 MB.

Unloading 7 unused Assets to reduce memory usage. Loaded Objects now: 1818.
Total: 1.525000 ms (FindLiveObjects: 0.150000 ms CreateObjectMapping: 0.030500 ms MarkObjects: 1.330300 ms  DeleteObjects: 0.013300 ms)

========================================================================
Received Prepare
Registering precompiled user dll's ...
Registered in 0.002446 seconds.
Begin MonoManager ReloadAssembly
Native extension for WindowsStandalone target not found
Refreshing native plugins compatible for Editor in 0.55 ms, found 0 plugins.
Preloading 0 native plugins for Editor in 0.00 ms.
Mono: successfully reloaded assembly
- Completed reload, in  0.706 seconds
Platform modules already initialized, skipping
Refreshing native plugins compatible for Editor in 0.43 ms, found 0 plugins.
Preloading 0 native plugins for Editor in 0.00 ms.
Unloading 1243 Unused Serialized files (Serialized files now loaded: 0)
System memory in use before: 99.0 MB.
System memory in use after: 99.1 MB.

Unloading 7 unused Assets to reduce memory usage. Loaded Objects now: 1820.
Total: 1.472100 ms (FindLiveObjects: 0.147300 ms CreateObjectMapping: 0.031200 ms MarkObjects: 1.280500 ms  DeleteObjects: 0.012000 ms)

========================================================================
Received Prepare
Registering precompiled user dll's ...
Registered in 0.001564 seconds.
Begin MonoManager ReloadAssembly
Native extension for WindowsStandalone target not found
Refreshing native plugins compatible for Editor in 0.42 ms, found 0 plugins.
Preloading 0 native plugins for Editor in 0.00 ms.
Mono: successfully reloaded assembly
- Completed reload, in  0.713 seconds
Platform modules already initialized, skipping
Refreshing native plugins compatible for Editor in 0.46 ms, found 0 plugins.
Preloading 0 native plugins for Editor in 0.00 ms.
Unloading 1243 Unused Serialized files (Serialized files now loaded: 0)
System memory in use before: 99.0 MB.
System memory in use after: 99.1 MB.

Unloading 7 unused Assets to reduce memory usage. Loaded Objects now: 1822.
Total: 1.495200 ms (FindLiveObjects: 0.156800 ms CreateObjectMapping: 0.029400 ms MarkObjects: 1.295000 ms  DeleteObjects: 0.013000 ms)

========================================================================
Received Prepare
Registering precompiled user dll's ...
Registered in 0.001488 seconds.
Begin MonoManager ReloadAssembly
Native extension for WindowsStandalone target not found
Refreshing native plugins compatible for Editor in 0.41 ms, found 0 plugins.
Preloading 0 native plugins for Editor in 0.00 ms.
Mono: successfully reloaded assembly
- Completed reload, in  0.736 seconds
Platform modules already initialized, skipping
Refreshing native plugins compatible for Editor in 0.41 ms, found 0 plugins.
Preloading 0 native plugins for Editor in 0.00 ms.
Unloading 1243 Unused Serialized files (Serialized files now loaded: 0)
System memory in use before: 99.0 MB.
System memory in use after: 99.1 MB.

Unloading 7 unused Assets to reduce memory usage. Loaded Objects now: 1824.
Total: 1.459500 ms (FindLiveObjects: 0.148400 ms CreateObjectMapping: 0.033900 ms MarkObjects: 1.264500 ms  DeleteObjects: 0.011800 ms)

========================================================================
Received Prepare
Registering precompiled user dll's ...
Registered in 0.002349 seconds.
Begin MonoManager ReloadAssembly
Native extension for WindowsStandalone target not found
Refreshing native plugins compatible for Editor in 0.41 ms, found 0 plugins.
Preloading 0 native plugins for Editor in 0.00 ms.
Mono: successfully reloaded assembly
- Completed reload, in  0.716 seconds
Platform modules already initialized, skipping
Refreshing native plugins compatible for Editor in 0.40 ms, found 0 plugins.
Preloading 0 native plugins for Editor in 0.00 ms.
Unloading 1243 Unused Serialized files (Serialized files now loaded: 0)
System memory in use before: 99.0 MB.
System memory in use after: 99.1 MB.

Unloading 7 unused Assets to reduce memory usage. Loaded Objects now: 1826.
Total: 1.496200 ms (FindLiveObjects: 0.160400 ms CreateObjectMapping: 0.029900 ms MarkObjects: 1.293400 ms  DeleteObjects: 0.011600 ms)

========================================================================
Received Prepare
Registering precompiled user dll's ...
Registered in 0.001852 seconds.
Begin MonoManager ReloadAssembly
Native extension for WindowsStandalone target not found
Refreshing native plugins compatible for Editor in 0.42 ms, found 0 plugins.
Preloading 0 native plugins for Editor in 0.00 ms.
Mono: successfully reloaded assembly
- Completed reload, in  0.708 seconds
Platform modules already initialized, skipping
Refreshing native plugins compatible for Editor in 0.44 ms, found 0 plugins.
Preloading 0 native plugins for Editor in 0.00 ms.
Unloading 1243 Unused Serialized files (Serialized files now loaded: 0)
System memory in use before: 99.0 MB.
System memory in use after: 99.1 MB.

Unloading 7 unused Assets to reduce memory usage. Loaded Objects now: 1828.
Total: 1.559800 ms (FindLiveObjects: 0.178600 ms CreateObjectMapping: 0.033300 ms MarkObjects: 1.335400 ms  DeleteObjects: 0.011400 ms)

========================================================================
Received Prepare
Registering precompiled user dll's ...
Registered in 0.001572 seconds.
Begin MonoManager ReloadAssembly
Native extension for WindowsStandalone target not found
Refreshing native plugins compatible for Editor in 0.40 ms, found 0 plugins.
Preloading 0 native plugins for Editor in 0.00 ms.
Mono: successfully reloaded assembly
- Completed reload, in  0.725 seconds
Platform modules already initialized, skipping
Refreshing native plugins compatible for Editor in 0.44 ms, found 0 plugins.
Preloading 0 native plugins for Editor in 0.00 ms.
Unloading 1243 Unused Serialized files (Serialized files now loaded: 0)
System memory in use before: 99.0 MB.
System memory in use after: 99.2 MB.

Unloading 7 unused Assets to reduce memory usage. Loaded Objects now: 1830.
Total: 1.902000 ms (FindLiveObjects: 0.181500 ms CreateObjectMapping: 0.034000 ms MarkObjects: 1.669900 ms  DeleteObjects: 0.015300 ms)

AssetImportWorkerClient::OnTransportError - code=2 error=End of file
