Using pre-set license
Built from '2020.3/staging' branch; Version is '2020.3.8f1 (507919d4fff5) revision 5273881'; Using compiler version '192528614'; Build Type 'Release'
OS: 'Windows 10 Home; OS build 19044.1526; Version 2009; 64bit' Language: 'en' Physical Memory: 16313 MB
BatchMode: 1, IsHumanControllingUs: 0, StartBugReporterOnCrash: 0, Is64bit: 1, IsPro: 0

 COMMAND LINE ARGUMENTS:
C:\Program Files\Unity\Hub\Editor\2020.3.8f1\Editor\Unity.exe
-adb2
-batchMode
-noUpm
-name
AssetImportWorker1
-projectPath
C:/Users/Josh/Workspace/Rapid-Prototyping
-logFile
Logs/AssetImportWorker1.log
-srvPort
58567
Successfully changed project path to: C:/Users/Josh/Workspace/Rapid-Prototyping
C:/Users/Josh/Workspace/Rapid-Prototyping
Using Asset Import Pipeline V2.
Refreshing native plugins compatible for Editor in 21.86 ms, found 0 plugins.
Preloading 0 native plugins for Editor in 0.00 ms.
Initialize engine version: 2020.3.8f1 (507919d4fff5)
[Subsystems] Discovering subsystems at path C:/Program Files/Unity/Hub/Editor/2020.3.8f1/Editor/Data/Resources/UnitySubsystems
[Subsystems] Discovering subsystems at path C:/Users/Josh/Workspace/Rapid-Prototyping/Assets
GfxDevice: creating device client; threaded=0
Direct3D:
    Version:  Direct3D 11.0 [level 11.1]
    Renderer: NVIDIA GeForce GTX 1660 SUPER (ID=0x21c4)
    Vendor:   
    VRAM:     5991 MB
    Driver:   30.0.14.9649
Initialize mono
Mono path[0] = 'C:/Program Files/Unity/Hub/Editor/2020.3.8f1/Editor/Data/Managed'
Mono path[1] = 'C:/Program Files/Unity/Hub/Editor/2020.3.8f1/Editor/Data/MonoBleedingEdge/lib/mono/unityjit'
Mono config path = 'C:/Program Files/Unity/Hub/Editor/2020.3.8f1/Editor/Data/MonoBleedingEdge/etc'
Using monoOptions --debugger-agent=transport=dt_socket,embedding=1,server=y,suspend=n,address=127.0.0.1:56308
Begin MonoManager ReloadAssembly
Registering precompiled unity dll's ...
Register platform support module: C:/Program Files/Unity/Hub/Editor/2020.3.8f1/Editor/Data/PlaybackEngines/WindowsStandaloneSupport/UnityEditor.WindowsStandalone.Extensions.dll
Registered in 0.001876 seconds.
Native extension for WindowsStandalone target not found
Refreshing native plugins compatible for Editor in 21.27 ms, found 0 plugins.
Preloading 0 native plugins for Editor in 0.00 ms.
Mono: successfully reloaded assembly
- Completed reload, in  0.967 seconds
Platform modules already initialized, skipping
Registering precompiled user dll's ...
Registered in 0.001396 seconds.
Begin MonoManager ReloadAssembly
Native extension for WindowsStandalone target not found
Refreshing native plugins compatible for Editor in 0.24 ms, found 0 plugins.
Preloading 0 native plugins for Editor in 0.00 ms.
Mono: successfully reloaded assembly
- Completed reload, in  0.718 seconds
Platform modules already initialized, skipping
========================================================================
Worker process is ready to serve import requests
Launched and connected shader compiler UnityShaderCompiler.exe after 0.07 seconds
Refreshing native plugins compatible for Editor in 0.24 ms, found 0 plugins.
Preloading 0 native plugins for Editor in 0.00 ms.
Unloading 1042 Unused Serialized files (Serialized files now loaded: 0)
System memory in use before: 62.9 MB.
System memory in use after: 62.9 MB.

Unloading 11 unused Assets to reduce memory usage. Loaded Objects now: 1492.
Total: 1.631100 ms (FindLiveObjects: 0.147500 ms CreateObjectMapping: 0.026000 ms MarkObjects: 1.346400 ms  DeleteObjects: 0.110200 ms)

========================================================================
Received Import Request.
  path: Assets/Prototype1/Scripts 1/RotatingObject.cs
  artifactKey: Guid(38c7ecd6d09fd1645b931866846aa515) Importer(815301076,1909f56bfc062723c751e8b465ee728b)
Start importing Assets/Prototype1/Scripts 1/RotatingObject.cs using Guid(38c7ecd6d09fd1645b931866846aa515) Importer(815301076,1909f56bfc062723c751e8b465ee728b)  -> (artifact id: 'a43a42eb7bad9d0e2336d8ece67014a4') in 0.029187 seconds
  Import took 0.031273 seconds .

========================================================================
Received Import Request.
  Time since last request: 109.845087 seconds.
  path: Assets/Prototype1/Scripts 1/Scoring.cs
  artifactKey: Guid(6cb384a1a418e6341be66362c36f1503) Importer(815301076,1909f56bfc062723c751e8b465ee728b)
Start importing Assets/Prototype1/Scripts 1/Scoring.cs using Guid(6cb384a1a418e6341be66362c36f1503) Importer(815301076,1909f56bfc062723c751e8b465ee728b)  -> (artifact id: '915bd257716455627beb786e4fa9027c') in 0.007011 seconds
  Import took 0.008919 seconds .

========================================================================
Received Import Request.
  Time since last request: 0.175791 seconds.
  path: Assets/Prototype1/Scripts 1/Scoring.cs
  artifactKey: Guid(6cb384a1a418e6341be66362c36f1503) Importer(815301076,1909f56bfc062723c751e8b465ee728b)
Start importing Assets/Prototype1/Scripts 1/Scoring.cs using Guid(6cb384a1a418e6341be66362c36f1503) Importer(815301076,1909f56bfc062723c751e8b465ee728b)  -> (artifact id: '915bd257716455627beb786e4fa9027c') in 0.003470 seconds
  Import took 0.005207 seconds .

========================================================================
Received Prepare
Registering precompiled user dll's ...
Registered in 0.001429 seconds.
Begin MonoManager ReloadAssembly
Native extension for WindowsStandalone target not found
Refreshing native plugins compatible for Editor in 0.23 ms, found 0 plugins.
Preloading 0 native plugins for Editor in 0.00 ms.
Mono: successfully reloaded assembly
- Completed reload, in  0.682 seconds
Platform modules already initialized, skipping
Refreshing native plugins compatible for Editor in 0.24 ms, found 0 plugins.
Preloading 0 native plugins for Editor in 0.00 ms.
Unloading 1001 Unused Serialized files (Serialized files now loaded: 0)
System memory in use before: 59.2 MB.
System memory in use after: 59.3 MB.

Unloading 7 unused Assets to reduce memory usage. Loaded Objects now: 1494.
Total: 1.412200 ms (FindLiveObjects: 0.143200 ms CreateObjectMapping: 0.024500 ms MarkObjects: 1.182800 ms  DeleteObjects: 0.060800 ms)

========================================================================
Received Import Request.
  Time since last request: 26.264254 seconds.
  path: Assets/Prototype1/Scripts 1/SpawnManager.cs
  artifactKey: Guid(f3db3227b35de924295ee64a7696ca76) Importer(815301076,1909f56bfc062723c751e8b465ee728b)
Start importing Assets/Prototype1/Scripts 1/SpawnManager.cs using Guid(f3db3227b35de924295ee64a7696ca76) Importer(815301076,1909f56bfc062723c751e8b465ee728b)  -> (artifact id: 'efcb1f6723a2eb22d33056fddda96201') in 0.007813 seconds
  Import took 0.009900 seconds .

========================================================================
Received Prepare
Registering precompiled user dll's ...
Registered in 0.001417 seconds.
Begin MonoManager ReloadAssembly
Native extension for WindowsStandalone target not found
Refreshing native plugins compatible for Editor in 0.23 ms, found 0 plugins.
Preloading 0 native plugins for Editor in 0.00 ms.
Mono: successfully reloaded assembly
- Completed reload, in  0.665 seconds
Platform modules already initialized, skipping
Refreshing native plugins compatible for Editor in 0.23 ms, found 0 plugins.
Preloading 0 native plugins for Editor in 0.00 ms.
Unloading 1001 Unused Serialized files (Serialized files now loaded: 0)
System memory in use before: 59.3 MB.
System memory in use after: 59.3 MB.

Unloading 7 unused Assets to reduce memory usage. Loaded Objects now: 1496.
Total: 1.401000 ms (FindLiveObjects: 0.136000 ms CreateObjectMapping: 0.024300 ms MarkObjects: 1.176500 ms  DeleteObjects: 0.063300 ms)

========================================================================
Received Import Request.
  Time since last request: 112.046943 seconds.
  path: Assets/Prototype1/Scripts 1/SpawnManager.cs
  artifactKey: Guid(f3db3227b35de924295ee64a7696ca76) Importer(815301076,1909f56bfc062723c751e8b465ee728b)
Start importing Assets/Prototype1/Scripts 1/SpawnManager.cs using Guid(f3db3227b35de924295ee64a7696ca76) Importer(815301076,1909f56bfc062723c751e8b465ee728b)  -> (artifact id: '2e2727899567b797d52111d563ba7723') in 0.005019 seconds
  Import took 0.008373 seconds .

========================================================================
Received Prepare
Registering precompiled user dll's ...
Registered in 0.001622 seconds.
Begin MonoManager ReloadAssembly
Native extension for WindowsStandalone target not found
Refreshing native plugins compatible for Editor in 0.23 ms, found 0 plugins.
Preloading 0 native plugins for Editor in 0.00 ms.
Mono: successfully reloaded assembly
- Completed reload, in  0.661 seconds
Platform modules already initialized, skipping
Refreshing native plugins compatible for Editor in 0.23 ms, found 0 plugins.
Preloading 0 native plugins for Editor in 0.00 ms.
Unloading 1001 Unused Serialized files (Serialized files now loaded: 0)
System memory in use before: 59.3 MB.
System memory in use after: 59.3 MB.

Unloading 7 unused Assets to reduce memory usage. Loaded Objects now: 1498.
Total: 1.564600 ms (FindLiveObjects: 0.134500 ms CreateObjectMapping: 0.031700 ms MarkObjects: 1.332100 ms  DeleteObjects: 0.065300 ms)

========================================================================
Received Import Request.
  Time since last request: 52.255072 seconds.
  path: Assets/Prototype1/Scripts 1/SpawnTrigger.cs
  artifactKey: Guid(e1f1106198e536d4d83f81f532a2b175) Importer(815301076,1909f56bfc062723c751e8b465ee728b)
Start importing Assets/Prototype1/Scripts 1/SpawnTrigger.cs using Guid(e1f1106198e536d4d83f81f532a2b175) Importer(815301076,1909f56bfc062723c751e8b465ee728b)  -> (artifact id: '3aea81c319a22206b93987f3af938152') in 0.008515 seconds
  Import took 0.010339 seconds .

========================================================================
Received Prepare
Registering precompiled user dll's ...
Registered in 0.001448 seconds.
Begin MonoManager ReloadAssembly
Native extension for WindowsStandalone target not found
Refreshing native plugins compatible for Editor in 0.23 ms, found 0 plugins.
Preloading 0 native plugins for Editor in 0.00 ms.
Mono: successfully reloaded assembly
- Completed reload, in  0.685 seconds
Platform modules already initialized, skipping
Refreshing native plugins compatible for Editor in 0.23 ms, found 0 plugins.
Preloading 0 native plugins for Editor in 0.00 ms.
Unloading 1001 Unused Serialized files (Serialized files now loaded: 0)
System memory in use before: 59.3 MB.
System memory in use after: 59.3 MB.

Unloading 7 unused Assets to reduce memory usage. Loaded Objects now: 1500.
Total: 1.530200 ms (FindLiveObjects: 0.147400 ms CreateObjectMapping: 0.028800 ms MarkObjects: 1.280700 ms  DeleteObjects: 0.072400 ms)

========================================================================
Received Import Request.
  Time since last request: 13.303919 seconds.
  path: Assets/Prototype1/Scripts 1/UIManager.cs
  artifactKey: Guid(bd63919a25c944b408d5cb871539a439) Importer(815301076,1909f56bfc062723c751e8b465ee728b)
Start importing Assets/Prototype1/Scripts 1/UIManager.cs using Guid(bd63919a25c944b408d5cb871539a439) Importer(815301076,1909f56bfc062723c751e8b465ee728b)  -> (artifact id: 'bbdc0917aa3f917ff61080e9807907e1') in 0.007981 seconds
  Import took 0.009719 seconds .

========================================================================
Received Import Request.
  Time since last request: 0.017490 seconds.
  path: Assets/Prototype1/Scripts 1/UIManager.cs
  artifactKey: Guid(bd63919a25c944b408d5cb871539a439) Importer(815301076,1909f56bfc062723c751e8b465ee728b)
Start importing Assets/Prototype1/Scripts 1/UIManager.cs using Guid(bd63919a25c944b408d5cb871539a439) Importer(815301076,1909f56bfc062723c751e8b465ee728b)  -> (artifact id: 'bbdc0917aa3f917ff61080e9807907e1') in 0.003242 seconds
  Import took 0.004961 seconds .

========================================================================
Received Prepare
Registering precompiled user dll's ...
Registered in 0.001308 seconds.
Begin MonoManager ReloadAssembly
Native extension for WindowsStandalone target not found
Refreshing native plugins compatible for Editor in 0.23 ms, found 0 plugins.
Preloading 0 native plugins for Editor in 0.00 ms.
Mono: successfully reloaded assembly
- Completed reload, in  0.668 seconds
Platform modules already initialized, skipping
Refreshing native plugins compatible for Editor in 0.23 ms, found 0 plugins.
Preloading 0 native plugins for Editor in 0.00 ms.
Unloading 1001 Unused Serialized files (Serialized files now loaded: 0)
System memory in use before: 59.3 MB.
System memory in use after: 59.3 MB.

Unloading 7 unused Assets to reduce memory usage. Loaded Objects now: 1502.
Total: 1.439200 ms (FindLiveObjects: 0.131800 ms CreateObjectMapping: 0.024500 ms MarkObjects: 1.218500 ms  DeleteObjects: 0.063200 ms)

========================================================================
Received Import Request.
  Time since last request: 69.874993 seconds.
  path: Assets/Prototype1/Scripts 1/UIManager.cs
  artifactKey: Guid(bd63919a25c944b408d5cb871539a439) Importer(815301076,1909f56bfc062723c751e8b465ee728b)
Start importing Assets/Prototype1/Scripts 1/UIManager.cs using Guid(bd63919a25c944b408d5cb871539a439) Importer(815301076,1909f56bfc062723c751e8b465ee728b)  -> (artifact id: '0bfe50faaa7b39e49515023dc66b7d9f') in 0.004797 seconds
  Import took 0.008129 seconds .

========================================================================
Received Import Request.
  Time since last request: 0.148849 seconds.
  path: Assets/Prototype1/Scripts 1/UIManager.cs
  artifactKey: Guid(bd63919a25c944b408d5cb871539a439) Importer(815301076,1909f56bfc062723c751e8b465ee728b)
Start importing Assets/Prototype1/Scripts 1/UIManager.cs using Guid(bd63919a25c944b408d5cb871539a439) Importer(815301076,1909f56bfc062723c751e8b465ee728b)  -> (artifact id: '0bfe50faaa7b39e49515023dc66b7d9f') in 0.003309 seconds
  Import took 0.005036 seconds .

========================================================================
Received Prepare
Registering precompiled user dll's ...
Registered in 0.001354 seconds.
Begin MonoManager ReloadAssembly
Native extension for WindowsStandalone target not found
Refreshing native plugins compatible for Editor in 0.33 ms, found 0 plugins.
Preloading 0 native plugins for Editor in 0.00 ms.
Mono: successfully reloaded assembly
- Completed reload, in  0.821 seconds
Platform modules already initialized, skipping
Refreshing native plugins compatible for Editor in 0.23 ms, found 0 plugins.
Preloading 0 native plugins for Editor in 0.00 ms.
Unloading 1001 Unused Serialized files (Serialized files now loaded: 0)
System memory in use before: 59.3 MB.
System memory in use after: 59.3 MB.

Unloading 7 unused Assets to reduce memory usage. Loaded Objects now: 1504.
Total: 1.501300 ms (FindLiveObjects: 0.136500 ms CreateObjectMapping: 0.025300 ms MarkObjects: 1.265000 ms  DeleteObjects: 0.073700 ms)

